<?xml version="1.0" encoding="UTF-8"?>
<testng-results skipped="0" failed="0" ignored="0" total="1" passed="1">
  <reporter-output>
  </reporter-output>
  <suite name="Default suite" duration-ms="5059" started-at="2020-11-22T10:23:15Z" finished-at="2020-11-22T10:23:20Z">
    <groups>
    </groups>
    <test name="Default test" duration-ms="5059" started-at="2020-11-22T10:23:15Z" finished-at="2020-11-22T10:23:20Z">
      <class name="Test_Cases.SignupApplication">
        <test-method status="PASS" signature="signup()[pri:0, instance:Test_Cases.SignupApplication@71bbf57e]" name="signup" duration-ms="5036" started-at="2020-11-22T10:23:15Z" finished-at="2020-11-22T10:23:20Z">
          <reporter-output>
          </reporter-output>
        </test-method> <!-- signup -->
      </class> <!-- Test_Cases.SignupApplication -->
    </test> <!-- Default test -->
  </suite> <!-- Default suite -->
</testng-results>
